<?xml version="1.0" encoding="UTF-8"?>
<!-- Generated by org.testng.reporters.JUnitReportReporter -->
<testsuite hostname="DESKTOP-4K1R53Q" failures="0" tests="1" name="com.signup.SingUpTestCase" time="35.003" errors="0" timestamp="2023-07-14T11:08:06 IST" skipped="0">
  <testcase classname="com.signup.SingUpTestCase" name="VerifyThatAllFieldsArePresentOnSignInPage" time="35.003"/>
  <system-out/>
</testsuite> <!-- com.signup.SingUpTestCase -->
