<?xml version="1.0" encoding="UTF-8"?>
<!-- Generated by org.testng.reporters.JUnitReportReporter -->
<testsuite hostname="DESKTOP-4K1R53Q" failures="0" tests="1" name="com.signup.SingUpTestCase" time="33.799" errors="0" timestamp="2023-07-15T14:00:50 IST" skipped="0">
  <testcase classname="com.signup.SingUpTestCase" name="VerifyThatAllFieldsArePresentOnSignInPage" time="33.799"/>
  <system-out/>
</testsuite> <!-- com.signup.SingUpTestCase -->
